2020-01-21T08:20:56.583Z [warn] WARNING: {{title}} was not converted as it has positional parameters which can't be automatically converted. Source: app/templates/account.hbs
2020-01-21T08:20:56.687Z [warn] WARNING: {{title}} was not converted as it has positional parameters which can't be automatically converted. Source: app/templates/wiki-all.hbs
2020-01-21T08:20:56.698Z [warn] WARNING: {{title}} was not converted as it has positional parameters which can't be automatically converted. Source: app/templates/event-edit.hbs
2020-01-21T08:20:56.762Z [warn] WARNING: {{title}} was not converted as it has positional parameters which can't be automatically converted. Source: app/templates/wiki-edit.hbs
2020-01-21T08:20:56.798Z [warn] WARNING: {{title}} was not converted as it has positional parameters which can't be automatically converted. Source: app/templates/wiki-create.hbs
2020-01-21T08:20:56.893Z [warn] WARNING: {{title}} was not converted as it has positional parameters which can't be automatically converted. Source: app/templates/wiki-page.hbs
2020-01-21T08:20:56.934Z [warn] WARNING: {{title}} was not converted as it has positional parameters which can't be automatically converted. Source: app/templates/wiki-source.hbs
2020-01-21T08:20:56.954Z [warn] WARNING: {{title}} was not converted as it has positional parameters which can't be automatically converted. Source: app/templates/wiki-tag.hbs
2020-01-21T08:20:56.967Z [warn] WARNING: {{title}} was not converted as it has positional parameters which can't be automatically converted. Source: app/templates/wiki-tags.hbs
2020-01-21T08:20:57.476Z [warn] WARNING: {{title}} was not converted as it has positional parameters which can't be automatically converted. Source: app/templates/roster.hbs
2020-01-21T08:20:57.537Z [warn] WARNING: {{title}} was not converted as it has positional parameters which can't be automatically converted. Source: app/templates/locations.hbs
2020-01-21T08:20:56.758Z [warn] WARNING: {{title}} was not converted as it has positional parameters which can't be automatically converted. Source: app/templates/events.hbs
2020-01-21T08:20:56.783Z [warn] WARNING: {{title}} was not converted as it has positional parameters which can't be automatically converted. Source: app/templates/file-edit.hbs
2020-01-21T08:20:56.864Z [warn] WARNING: {{title}} was not converted as it has positional parameters which can't be automatically converted. Source: app/templates/event.hbs
2020-01-21T08:20:56.911Z [warn] WARNING: {{title}} was not converted as it has positional parameters which can't be automatically converted. Source: app/templates/file.hbs
2020-01-21T08:20:56.955Z [warn] WARNING: {{title}} was not converted as it has positional parameters which can't be automatically converted. Source: app/templates/files.hbs
2020-01-21T08:20:56.980Z [warn] WARNING: {{title}} was not converted as it has positional parameters which can't be automatically converted. Source: app/templates/forum-category.hbs
2020-01-21T08:20:56.993Z [warn] WARNING: {{title}} was not converted as it has positional parameters which can't be automatically converted. Source: app/templates/forum-create-post.hbs
2020-01-21T08:20:57.096Z [warn] WARNING: {{title}} was not converted as it has positional parameters which can't be automatically converted. Source: app/templates/forum-topic.hbs
2020-01-21T08:20:57.195Z [warn] WARNING: {{title}} was not converted as it has positional parameters which can't be automatically converted. Source: app/templates/forum.hbs
2020-01-21T08:20:57.238Z [warn] WARNING: {{title}} was not converted as it has positional parameters which can't be automatically converted. Source: app/templates/fs3-xp-costs.hbs
2020-01-21T08:20:57.292Z [warn] WARNING: {{title}} was not converted as it has positional parameters which can't be automatically converted. Source: app/templates/fs3-limits.hbs
2020-01-21T08:20:57.342Z [warn] WARNING: {{title}} was not converted as it has positional parameters which can't be automatically converted. Source: app/templates/fs3combat-gear.hbs
2020-01-21T08:20:57.371Z [warn] WARNING: {{title}} was not converted as it has positional parameters which can't be automatically converted. Source: app/templates/fs3combat-gear-detail.hbs
2020-01-21T08:20:57.410Z [warn] WARNING: {{title}} was not converted as it has positional parameters which can't be automatically converted. Source: app/templates/game-edit.hbs
2020-01-21T08:20:57.490Z [warn] WARNING: {{title}} was not converted as it has positional parameters which can't be automatically converted. Source: app/templates/fs3skills-abilities.hbs
2020-01-21T08:20:57.526Z [warn] WARNING: {{title}} was not converted as it has positional parameters which can't be automatically converted. Source: app/templates/groups.hbs
2020-01-21T08:20:57.533Z [warn] WARNING: {{title}} was not converted as it has positional parameters which can't be automatically converted. Source: app/templates/help-override.hbs
2020-01-21T08:20:57.572Z [warn] WARNING: {{title}} was not converted as it has positional parameters which can't be automatically converted. Source: app/templates/help-topic.hbs
2020-01-21T08:20:57.635Z [warn] WARNING: {{title}} was not converted as it has positional parameters which can't be automatically converted. Source: app/templates/help.hbs
2020-01-21T08:20:57.712Z [warn] WARNING: {{title}} was not converted as it has positional parameters which can't be automatically converted. Source: app/templates/job-create.hbs
2020-01-21T08:20:57.712Z [warn] WARNING: {{title}} was not converted as it has positional parameters which can't be automatically converted. Source: app/templates/job-create.hbs
2020-01-21T08:20:57.773Z [warn] WARNING: {{title}} was not converted as it has positional parameters which can't be automatically converted. Source: app/templates/jobs.hbs
2020-01-21T08:20:57.775Z [warn] WARNING: {{title}} was not converted as it has positional parameters which can't be automatically converted. Source: app/templates/jobs.hbs
2020-01-21T08:20:58.028Z [warn] WARNING: {{title}} was not converted as it has positional parameters which can't be automatically converted. Source: app/templates/job.hbs
2020-01-21T08:20:57.593Z [warn] WARNING: {{title}} was not converted as it has positional parameters which can't be automatically converted. Source: app/templates/location.hbs
2020-01-21T08:20:57.605Z [warn] WARNING: {{title}} was not converted as it has positional parameters which can't be automatically converted. Source: app/templates/log.hbs
2020-01-21T08:20:57.615Z [warn] WARNING: {{title}} was not converted as it has positional parameters which can't be automatically converted. Source: app/templates/logs.hbs
2020-01-21T08:20:57.645Z [warn] WARNING: {{title}} was not converted as it has positional parameters which can't be automatically converted. Source: app/templates/login.hbs
2020-01-21T08:20:57.694Z [warn] WARNING: {{title}} was not converted as it has positional parameters which can't be automatically converted. Source: app/templates/mail.hbs
2020-01-21T08:20:57.785Z [warn] WARNING: {{title}} was not converted as it has positional parameters which can't be automatically converted. Source: app/templates/mail-message.hbs
2020-01-21T08:20:57.814Z [warn] WARNING: {{title}} was not converted as it has positional parameters which can't be automatically converted. Source: app/templates/mail-send.hbs
2020-01-21T08:20:57.834Z [warn] WARNING: {{title}} was not converted as it has positional parameters which can't be automatically converted. Source: app/templates/manage.hbs
2020-01-21T08:20:57.860Z [warn] WARNING: {{title}} was not converted as it has positional parameters which can't be automatically converted. Source: app/templates/notes.hbs
2020-01-21T08:20:57.866Z [warn] WARNING: {{title}} was not converted as it has positional parameters which can't be automatically converted. Source: app/templates/not-found.hbs
2020-01-21T08:20:57.891Z [warn] WARNING: {{title}} was not converted as it has positional parameters which can't be automatically converted. Source: app/templates/notes-edit.hbs
2020-01-21T08:20:57.926Z [warn] WARNING: {{title}} was not converted as it has positional parameters which can't be automatically converted. Source: app/templates/player.hbs
2020-01-21T08:20:58.010Z [warn] WARNING: {{title}} was not converted as it has positional parameters which can't be automatically converted. Source: app/templates/notifications.hbs
2020-01-21T08:20:58.028Z [warn] WARNING: {{title}} was not converted as it has positional parameters which can't be automatically converted. Source: app/templates/players.hbs
2020-01-21T08:20:58.079Z [warn] WARNING: {{title}} was not converted as it has positional parameters which can't be automatically converted. Source: app/templates/play.hbs
2020-01-21T08:20:58.133Z [warn] WARNING: {{title}} was not converted as it has positional parameters which can't be automatically converted. Source: app/templates/plot.hbs
2020-01-21T08:20:58.171Z [warn] WARNING: {{title}} was not converted as it has positional parameters which can't be automatically converted. Source: app/templates/plots.hbs
2020-01-21T08:20:58.214Z [warn] WARNING: {{title}} was not converted as it has positional parameters which can't be automatically converted. Source: app/templates/plot-create.hbs
2020-01-21T08:20:58.249Z [warn] WARNING: {{title}} was not converted as it has positional parameters which can't be automatically converted. Source: app/templates/plot-edit.hbs
2020-01-21T08:20:58.295Z [warn] WARNING: {{title}} was not converted as it has positional parameters which can't be automatically converted. Source: app/templates/recent-changes.hbs
2020-01-21T08:20:58.324Z [warn] WARNING: {{title}} was not converted as it has positional parameters which can't be automatically converted. Source: app/templates/register.hbs
2020-01-21T08:20:58.342Z [warn] WARNING: {{title}} was not converted as it has positional parameters which can't be automatically converted. Source: app/templates/plugins-edit.hbs
2020-01-21T08:20:56.632Z [warn] WARNING: {{title}} was not converted as it has positional parameters which can't be automatically converted. Source: app/templates/achievements.hbs
2020-01-21T08:20:56.666Z [warn] WARNING: {{title}} was not converted as it has positional parameters which can't be automatically converted. Source: app/templates/admins.hbs
2020-01-21T08:20:56.711Z [warn] WARNING: {{title}} was not converted as it has positional parameters which can't be automatically converted. Source: app/templates/app-review.hbs
2020-01-21T08:20:56.871Z [warn] WARNING: {{title}} was not converted as it has positional parameters which can't be automatically converted. Source: app/templates/application.hbs
2020-01-21T08:20:56.930Z [warn] WARNING: {{title}} was not converted as it has positional parameters which can't be automatically converted. Source: app/templates/area.hbs
2020-01-21T08:20:56.957Z [warn] WARNING: {{title}} was not converted as it has positional parameters which can't be automatically converted. Source: app/templates/area-edit.hbs
2020-01-21T08:20:56.977Z [warn] WARNING: {{title}} was not converted as it has positional parameters which can't be automatically converted. Source: app/templates/census-group.hbs
2020-01-21T08:20:57.023Z [warn] WARNING: {{title}} was not converted as it has positional parameters which can't be automatically converted. Source: app/templates/char-source.hbs
2020-01-21T08:20:57.045Z [warn] WARNING: {{title}} was not converted as it has positional parameters which can't be automatically converted. Source: app/templates/census.hbs
2020-01-21T08:20:57.120Z [warn] WARNING: {{title}} was not converted as it has positional parameters which can't be automatically converted. Source: app/templates/char.hbs
2020-01-21T08:20:57.311Z [warn] WARNING: {{title}} was not converted as it has positional parameters which can't be automatically converted. Source: app/templates/char-edit.hbs
2020-01-21T08:20:57.375Z [warn] WARNING: {{title}} was not converted as it has positional parameters which can't be automatically converted. Source: app/templates/characters.hbs
2020-01-21T08:20:57.424Z [warn] WARNING: {{title}} was not converted as it has positional parameters which can't be automatically converted. Source: app/templates/chargen-review.hbs
2020-01-21T08:20:57.727Z [warn] WARNING: {{title}} was not converted as it has positional parameters which can't be automatically converted. Source: app/templates/chargen.hbs
2020-01-21T08:20:57.838Z [warn] WARNING: {{title}} was not converted as it has positional parameters which can't be automatically converted. Source: app/templates/combat-setup.hbs
2020-01-21T08:20:57.850Z [warn] WARNING: {{title}} was not converted as it has positional parameters which can't be automatically converted. Source: app/templates/combat-log.hbs
2020-01-21T08:20:57.872Z [warn] WARNING: {{title}} was not converted as it has positional parameters which can't be automatically converted. Source: app/templates/combat-teams.hbs
2020-01-21T08:20:58.160Z [warn] WARNING: {{title}} was not converted as it has positional parameters which can't be automatically converted. Source: app/templates/chat.hbs
2020-01-21T08:20:58.313Z [warn] WARNING: {{title}} was not converted as it has positional parameters which can't be automatically converted. Source: app/templates/combat.hbs
2020-01-21T08:20:58.399Z [warn] WARNING: {{title}} was not converted as it has positional parameters which can't be automatically converted. Source: app/templates/combatant-edit.hbs
2020-01-21T08:20:58.443Z [warn] WARNING: {{title}} was not converted as it has positional parameters which can't be automatically converted. Source: app/templates/combats.hbs
2020-01-21T08:20:58.475Z [warn] WARNING: {{title}} was not converted as it has positional parameters which can't be automatically converted. Source: app/templates/config.hbs
2020-01-21T08:20:58.502Z [warn] WARNING: {{title}} was not converted as it has positional parameters which can't be automatically converted. Source: app/templates/event-create.hbs
2020-01-21T08:20:58.510Z [warn] WARNING: {{title}} was not converted as it has positional parameters which can't be automatically converted. Source: app/templates/error.hbs
2020-01-21T08:20:57.613Z [warn] WARNING: {{title}} was not converted as it has positional parameters which can't be automatically converted. Source: app/templates/scene-create.hbs
2020-01-21T08:20:57.647Z [warn] WARNING: {{title}} was not converted as it has positional parameters which can't be automatically converted. Source: app/templates/routes.hbs
2020-01-21T08:20:57.745Z [warn] WARNING: {{title}} was not converted as it has positional parameters which can't be automatically converted. Source: app/templates/scene-edit.hbs
2020-01-21T08:20:57.783Z [warn] WARNING: {{title}} was not converted as it has positional parameters which can't be automatically converted. Source: app/templates/scene-live.hbs
2020-01-21T08:20:57.917Z [warn] WARNING: {{title}} was not converted as it has positional parameters which can't be automatically converted. Source: app/templates/scenes-live.hbs
2020-01-21T08:20:58.043Z [warn] WARNING: {{title}} was not converted as it has positional parameters which can't be automatically converted. Source: app/templates/scene.hbs
2020-01-21T08:20:58.097Z [warn] WARNING: {{title}} was not converted as it has positional parameters which can't be automatically converted. Source: app/templates/scenes-play.hbs
2020-01-21T08:20:58.117Z [warn] WARNING: {{title}} was not converted as it has positional parameters which can't be automatically converted. Source: app/templates/scenes.hbs
2020-01-21T08:20:58.173Z [warn] WARNING: {{title}} was not converted as it has positional parameters which can't be automatically converted. Source: app/templates/search-chars.hbs
2020-01-21T08:20:58.221Z [warn] WARNING: {{title}} was not converted as it has positional parameters which can't be automatically converted. Source: app/templates/search-locations.hbs
2020-01-21T08:20:58.260Z [warn] WARNING: {{title}} was not converted as it has positional parameters which can't be automatically converted. Source: app/templates/search-forum.hbs
2020-01-21T08:20:58.300Z [warn] WARNING: {{title}} was not converted as it has positional parameters which can't be automatically converted. Source: app/templates/search-help.hbs
2020-01-21T08:20:58.374Z [warn] WARNING: {{title}} was not converted as it has positional parameters which can't be automatically converted. Source: app/templates/search-scenes.hbs
2020-01-21T08:20:58.414Z [warn] WARNING: {{title}} was not converted as it has positional parameters which can't be automatically converted. Source: app/templates/search-jobs.hbs
2020-01-21T08:20:58.414Z [warn] WARNING: {{title}} was not converted as it has positional parameters which can't be automatically converted. Source: app/templates/search-jobs.hbs
2020-01-21T08:20:58.448Z [warn] WARNING: {{title}} was not converted as it has positional parameters which can't be automatically converted. Source: app/templates/search-wiki.hbs
2020-01-21T08:20:58.480Z [warn] WARNING: {{title}} was not converted as it has positional parameters which can't be automatically converted. Source: app/templates/setup.hbs
2020-01-21T08:20:58.495Z [warn] WARNING: {{title}} was not converted as it has positional parameters which can't be automatically converted. Source: app/templates/setup-colors.hbs
2020-01-21T08:20:58.508Z [warn] WARNING: {{title}} was not converted as it has positional parameters which can't be automatically converted. Source: app/templates/textfile.hbs
2020-01-21T08:20:58.543Z [warn] WARNING: {{title}} was not converted as it has positional parameters which can't be automatically converted. Source: app/templates/shutdown.hbs
2020-01-21T08:20:58.563Z [warn] WARNING: {{title}} was not converted as it has positional parameters which can't be automatically converted. Source: app/templates/tinker.hbs
2020-01-21T08:20:58.568Z [warn] WARNING: {{title}} was not converted as it has positional parameters which can't be automatically converted. Source: app/templates/tos.hbs
2020-01-21T08:20:58.575Z [warn] WARNING: {{title}} was not converted as it has positional parameters which can't be automatically converted. Source: app/templates/who.hbs
